<?xml version="1.0" encoding="UTF-8"?>
<!-- Generated by org.testng.reporters.JUnitXMLReporter -->
<testsuite ignored="2" hostname="TL319" failures="0" tests="1" name="Default test" time="18.888" errors="0" timestamp="2025-04-15T14:11:18 IST">
  <testcase classname="RestAPITest.BreauthoringTest" name="testDenialDetails" time="6.953"/>
  <testcase classname="RestAPITest.BreauthoringTest" name="testGetCancelreason" time="0.0">
    <ignored/>
  </testcase> <!-- testGetCancelreason -->
  <testcase classname="RestAPITest.BreauthoringTest" name="testTransactionDetails" time="0.0">
    <ignored/>
  </testcase> <!-- testTransactionDetails -->
</testsuite> <!-- Default test -->
