<?xml version="1.0" encoding="UTF-8"?>
<!-- Generated by org.testng.reporters.JUnitXMLReporter -->
<testsuite ignored="2" hostname="TL319" failures="0" tests="1" name="Default test" time="12.909" errors="0" timestamp="2025-04-09T12:13:53 IST">
  <testcase classname="RestAPITest.IVRTest" name="testGetRequestRide" time="2.106"/>
  <testcase classname="RestAPITest.IVRTest" name="testGetNextLeg" time="0.0">
    <ignored/>
  </testcase> <!-- testGetNextLeg -->
  <testcase classname="RestAPITest.IVRTest" name="testGetActiveRide" time="0.0">
    <ignored/>
  </testcase> <!-- testGetActiveRide -->
</testsuite> <!-- Default test -->
