<?xml version="1.0" encoding="UTF-8"?>
<!-- Generated by org.testng.reporters.JUnitXMLReporter -->
<testsuite ignored="1" hostname="TL319" failures="0" tests="7" name="Test" time="69.801" errors="0" timestamp="2025-04-16T11:29:35 IST">
  <testcase classname="RestAPITest.IVRTest" name="testGetActiveRide" time="17.339"/>
  <testcase classname="RestAPITest.IVRTest" name="testGetNextLeg" time="19.114"/>
  <testcase classname="RestAPITest.IVRTest" name="testGetRequestRide" time="4.385"/>
  <testcase classname="RestAPITest.LYFTTest" name="testGetDetails" time="2.638"/>
  <testcase classname="RestAPITest.BreauthoringTest" name="testDenialDetails" time="8.258"/>
  <testcase classname="RestAPITest.BreauthoringTest" name="testGetCancelreason" time="3.363"/>
  <testcase classname="RestAPITest.BreauthoringTest" name="testTransactionDetails" time="2.707"/>
  <testcase classname="RestAPITest.LYFTTest" name="testLyftDispatch" time="0.0">
    <ignored/>
  </testcase> <!-- testLyftDispatch -->
</testsuite> <!-- Test -->
