<?xml version="1.0" encoding="UTF-8"?>
<!-- Generated by org.testng.reporters.JUnitXMLReporter -->
<testsuite ignored="1" hostname="TL319" failures="0" tests="7" name="Test" time="38.082" errors="0" timestamp="2025-05-19T12:12:32 IST">
  <testcase classname="RestAPITest.IVRTest" name="testGetActiveRide" time="1.901"/>
  <testcase classname="RestAPITest.IVRTest" name="testGetNextLeg" time="7.029"/>
  <testcase classname="RestAPITest.IVRTest" name="testGetRequestRide" time="1.434"/>
  <testcase classname="RestAPITest.LYFTTest" name="testGetDetails" time="1.331"/>
  <testcase classname="RestAPITest.BreauthoringTest" name="testDenialDetails" time="2.735"/>
  <testcase classname="RestAPITest.BreauthoringTest" name="testGetCancelreason" time="2.564"/>
  <testcase classname="RestAPITest.BreauthoringTest" name="testTransactionDetails" time="2.638"/>
  <testcase classname="RestAPITest.LYFTTest" name="testLyftDispatch" time="0.0">
    <ignored/>
  </testcase> <!-- testLyftDispatch -->
</testsuite> <!-- Test -->
