<?xml version="1.0" encoding="UTF-8"?>
<!-- Generated by org.testng.reporters.JUnitXMLReporter -->
<testsuite ignored="1" hostname="TL319" failures="0" tests="4" name="Test" time="23.881" errors="0" timestamp="2025-04-09T12:25:21 IST">
  <testcase classname="RestAPITest.IVRTest" name="testGetActiveRide" time="1.957"/>
  <testcase classname="RestAPITest.IVRTest" name="testGetNextLeg" time="7.284"/>
  <testcase classname="RestAPITest.IVRTest" name="testGetRequestRide" time="1.091"/>
  <testcase classname="RestAPITest.LYFTTest" name="testGetDetails" time="1.167"/>
  <testcase classname="RestAPITest.LYFTTest" name="testLyftDispatch" time="0.0">
    <ignored/>
  </testcase> <!-- testLyftDispatch -->
</testsuite> <!-- Test -->
