<?xml version="1.0" encoding="UTF-8"?>
<!-- Generated by org.testng.reporters.JUnitXMLReporter -->
<testsuite ignored="0" hostname="TL319" failures="1" tests="3" name="Regression" time="29.923" errors="0" timestamp="2025-03-26T12:38:36 IST">
  <testcase classname="RestAPITest.IVRTest" name="testGetActiveRide" time="4.091"/>
  <testcase classname="RestAPITest.IVRTest" name="testGetNextLeg" time="3.206"/>
  <testcase classname="RestAPITest.IVRTest" name="testGetRequestRide" time="5.333">
    <failure type="java.lang.AssertionError" message="expected [200] but found [500]">
      <![CDATA[java.lang.AssertionError: expected [200] but found [500]
at RestAPITest.IVRTest.testGetRequestRide(IVRTest.java:38)
at java.base/java.util.ArrayList.forEach(ArrayList.java:1597)
... Removed 32 stack frames]]>
    </failure>
  </testcase> <!-- testGetRequestRide -->
</testsuite> <!-- Regression -->
