<?xml version="1.0" encoding="UTF-8"?>
<!-- Generated by org.testng.reporters.JUnitXMLReporter -->
<testsuite ignored="1" hostname="TL319" failures="2" tests="2" name="Test1" time="0.09" errors="0" timestamp="2025-03-26T13:48:45 IST">
  <testcase classname="RestAPITest.IVRTest" name="testGetActiveRide" time="0.016">
    <failure type="java.lang.NullPointerException" message="Cannot invoke &amp;quot;RestAPI.APIEndpoints.getActiveRideJson()&amp;quot; because &amp;quot;this.apiEndpoint&amp;quot; is null">
      <![CDATA[java.lang.NullPointerException: Cannot invoke "RestAPI.APIEndpoints.getActiveRideJson()" because "this.apiEndpoint" is null
at RestAPITest.IVRTest.testGetActiveRide(IVRTest.java:29)
at java.base/java.util.ArrayList.forEach(ArrayList.java:1597)
... Removed 25 stack frames]]>
    </failure>
  </testcase> <!-- testGetActiveRide -->
  <testcase classname="RestAPITest.IVRTest" name="testGetNextLeg" time="0.002">
    <failure type="java.lang.NullPointerException" message="Cannot invoke &amp;quot;RestAPI.APIEndpoints.getNextLegJson()&amp;quot; because &amp;quot;this.apiEndpoint&amp;quot; is null">
      <![CDATA[java.lang.NullPointerException: Cannot invoke "RestAPI.APIEndpoints.getNextLegJson()" because "this.apiEndpoint" is null
at RestAPITest.IVRTest.testGetNextLeg(IVRTest.java:18)
at java.base/java.util.ArrayList.forEach(ArrayList.java:1597)
... Removed 25 stack frames]]>
    </failure>
  </testcase> <!-- testGetNextLeg -->
  <testcase classname="RestAPITest.IVRTest" name="testGetRequestRide" time="0.0">
    <ignored/>
  </testcase> <!-- testGetRequestRide -->
</testsuite> <!-- Test1 -->
