<?xml version="1.0" encoding="UTF-8"?>
<!-- Generated by org.testng.reporters.JUnitXMLReporter -->
<testsuite ignored="0" hostname="TL319" failures="1" tests="3" name="Test" time="21.368" errors="0" timestamp="2025-04-07T14:23:05 IST">
  <testcase classname="RestAPITest.IVRTest" name="testGetActiveRide" time="2.035"/>
  <testcase classname="RestAPITest.IVRTest" name="testGetNextLeg" time="7.38"/>
  <testcase classname="RestAPITest.IVRTest" name="testGetRequestRide" time="3.652">
    <failure type="java.lang.AssertionError" message="expected [200] but found [500]">
      <![CDATA[java.lang.AssertionError: expected [200] but found [500]
at RestAPITest.IVRTest.testGetRequestRide(IVRTest.java:43)
at java.base/java.util.ArrayList.forEach(ArrayList.java:1597)
... Removed 36 stack frames]]>
    </failure>
  </testcase> <!-- testGetRequestRide -->
</testsuite> <!-- Test -->
