<?xml version="1.0" encoding="UTF-8"?>
<!-- Generated by org.testng.reporters.JUnitXMLReporter -->
<testsuite ignored="0" hostname="TL319" failures="1" tests="6" name="Test" time="33.785" errors="0" timestamp="2025-05-19T12:55:25 IST">
  <testcase classname="RestAPITest.IVRTest" name="testGetActiveRide" time="3.312"/>
  <testcase classname="RestAPITest.IVRTest" name="testGetNextLeg" time="6.918"/>
  <testcase classname="RestAPITest.IVRTest" name="testGetRequestRide" time="3.25">
    <failure type="java.lang.AssertionError" message="expected [200] but found [500]">
      <![CDATA[java.lang.AssertionError: expected [200] but found [500]
at RestAPITest.IVRTest.testGetRequestRide(IVRTest.java:73)
at java.base/java.util.ArrayList.forEach(ArrayList.java:1597)
... Removed 32 stack frames]]>
    </failure>
  </testcase> <!-- testGetRequestRide -->
  <testcase classname="RestAPITest.BreauthoringTest" name="testDenialDetails" time="6.515"/>
  <testcase classname="RestAPITest.BreauthoringTest" name="testGetCancelreason" time="2.66"/>
  <testcase classname="RestAPITest.BreauthoringTest" name="testTransactionDetails" time="2.308"/>
</testsuite> <!-- Test -->
