<?xml version="1.0" encoding="UTF-8"?>
<!-- Generated by org.testng.reporters.JUnitXMLReporter -->
<testsuite ignored="1" hostname="TL319" failures="0" tests="6" name="Test" time="33.462" errors="0" timestamp="2025-04-10T14:40:43 IST">
  <testcase classname="RestAPITest.IVRTest" name="testGetActiveRide" time="2.377"/>
  <testcase classname="RestAPITest.IVRTest" name="testGetNextLeg" time="8.509"/>
  <testcase classname="RestAPITest.IVRTest" name="testGetRequestRide" time="1.183"/>
  <testcase classname="RestAPITest.LYFTTest" name="testGetDetails" time="1.184"/>
  <testcase classname="RestAPITest.BreauthoringTest" name="testGetCancelreason" time="2.625"/>
  <testcase classname="RestAPITest.BreauthoringTest" name="testTransactionDetails" time="2.165"/>
  <testcase classname="RestAPITest.LYFTTest" name="testLyftDispatch" time="0.0">
    <ignored/>
  </testcase> <!-- testLyftDispatch -->
</testsuite> <!-- Test -->
