<?xml version="1.0" encoding="UTF-8"?>
<testsuite xmlns:xsi="http://www.w3.org/2001/XMLSchema-instance" xsi:noNamespaceSchemaLocation="https://maven.apache.org/surefire/maven-surefire-plugin/xsd/surefire-test-report.xsd" version="3.0.2" name="TestSuite" time="72.115" tests="7" errors="0" skipped="0" failures="0">
  <properties>
[...]
</properties>
  <testcase name="testGetActiveRide" classname="RestAPITest.IVRTest" time="17.345">
    <system-err><![CDATA[SLF4J: Failed to load class "org.slf4j.impl.StaticLoggerBinder".
SLF4J: Defaulting to no-operation (NOP) logger implementation
SLF4J: See http://www.slf4j.org/codes.html#StaticLoggerBinder for further details.
]]></system-err>
  </testcase>
  <testcase name="testGetNextLeg" classname="RestAPITest.IVRTest" time="19.118">
    <system-out><![CDATA[Response saved successfully to: src/main/resources/IvrNextLegResponse.json
ResponseText:{"Message":"No leg data found","IsSuccess":false,"Data":null}
]]></system-out>
  </testcase>
  <testcase name="testGetRequestRide" classname="RestAPITest.IVRTest" time="4.39">
    <system-out><![CDATA[Response Body:{"Message":null,"IsSuccess":true,"Data":{"netStopId":"DC9E910F-419A-4444-9330-139BA79308E3","targetSystem":"LYFT","targetSystemRideId":null,"targetSystemRideStatus":"requested"}}
]]></system-out>
  </testcase>
  <testcase name="testGetDetails" classname="RestAPITest.LYFTTest" time="2.641">
    <system-out><![CDATA[Response Body:{"Hello from A2C.RideRequest":"test"}
Response saved successfully to: src/test/resources/LyftDispatchResponse.json
]]></system-out>
  </testcase>
  <testcase name="testDenialDetails" classname="RestAPITest.BreauthoringTest" time="8.278">
    <system-out><![CDATA[Response saved successfully to: src/test/resources/BreauthoringResponse.json
]]></system-out>
  </testcase>
  <testcase name="testGetCancelreason" classname="RestAPITest.BreauthoringTest" time="3.375">
    <system-out><![CDATA[Response Body:{"dataSources":[{"id":15,"label":"Addt info req and not received","value":"Addt info req and not received"},{"id":14,"label":"Advance Notice Not Met","value":"Advance Notice Not Met"},{"id":21,"label":"Beneficiary Has Med-B/Alt Cov","value":"Beneficiary Has Med-B/Alt Cov"},{"id":22,"label":"Emerg Transportation Required","value":"Emerg Transportation Required"},{"id":20,"label":"Emergent Transport Required","value":"Emergent Transport Required"},{"id":29,"label":"Exceeds Addtl Stops Allowed","value":"Exceeds Addtl Stops Allowed"},{"id":28,"label":"Exceeds Max Passenger","value":"Exceeds Max Passenger"},{"id":4,"label":"Expired Eligibility","value":"Expired Eligibility"},{"id":19,"label":"Has Part B or Other Coverage","value":"Has Part B or Other Coverage"},{"id":27,"label":"Incomplete Information","value":"Incomplete Information"},{"id":12,"label":"IP or Escort Not Approved","value":"IP or Escort Not Approved"},{"id":7,"label":"Member Not Active","value":"Member Not Active"},{"id":26,"label":"Member Not Eligible/Active Per HP","value":"Member Not Eligible/Active Per HP"},{"id":6,"label":"Member Not In File","value":"Member Not In File"},{"id":5,"label":"Non-Covered Service","value":"Non-Covered Service"},{"id":11,"label":"Not Closest Provider","value":"Not Closest Provider"},{"id":8,"label":"Other Available Transportation","value":"Other Available Transportation"},{"id":9,"label":"Other Coverage Available","value":"Other Coverage Available"},{"id":2,"label":"Out of service area","value":"Out of service area"},{"id":13,"label":"Post Trip Auth Denied","value":"Post Trip Auth Denied"},{"id":17,"label":"Protocol - Does Not Meet Protocol","value":"Protocol - Does Not Meet Protocol"},{"id":0,"label":"Protocol - Non-Urgent Short Notice","value":"Protocol - Non-Urgent Short Notice"},{"id":1,"label":"Protocol - Trip Distance Exceeded","value":"Protocol - Trip Distance Exceeded"},{"id":3,"label":"Protocol - Trip Limit Exceeded","value":"Protocol - Trip Limit Exceeded"},{"id":16,"label":"Refusal-no other Avail","value":"Refusal-no other Avail"},{"id":30,"label":"Spend Down Not Met","value":"Spend Down Not Met"},{"id":10,"label":"Unable To Confirm Transport/Appt","value":"Unable To Confirm Transport/Appt"},{"id":23,"label":"Vendor Cancel - Traffic/Ex ETA","value":"Vendor Cancel - Traffic/Ex ETA"},{"id":25,"label":"Vendor Cancel-Other","value":"Vendor Cancel-Other"},{"id":24,"label":"Vendor Cancel-ResourceUnavail","value":"Vendor Cancel-ResourceUnavail"},{"id":18,"label":"Wrong Level of Service & AMB","value":"Wrong Level of Service & AMB"}]}
Response saved successfully to: src/test/resources/BreauthoringResponse.json
Label for id 15: Addt info req and not received
]]></system-out>
  </testcase>
  <testcase name="testTransactionDetails" classname="RestAPITest.BreauthoringTest" time="2.713">
    <system-out><![CDATA[Response saved successfully to: src/test/resources/BreauthoringResponse.json
]]></system-out>
  </testcase>
</testsuite>