<?xml version="1.0" encoding="UTF-8"?>
<testng-results ignored="0" total="7" passed="7" failed="0" skipped="0">
  <reporter-output>
  </reporter-output>
  <suite started-at="2025-04-16T11:28:25 IST" name="Regression suite" finished-at="2025-04-16T11:29:35 IST" duration-ms="69801">
    <groups>
    </groups>
    <test started-at="2025-04-16T11:28:25 IST" name="Test" finished-at="2025-04-16T11:29:35 IST" duration-ms="69801">
      <class name="RestAPITest.LYFTTest">
        <test-method is-config="true" signature="setup()[pri:0, instance:RestAPITest.LYFTTest@d1a10ac]" started-at="2025-04-16T11:29:17 IST" name="setup" finished-at="2025-04-16T11:29:17 IST" duration-ms="656" status="PASS">
          <reporter-output>
          </reporter-output>
        </test-method> <!-- setup -->
        <test-method signature="testGetDetails()[pri:0, instance:RestAPITest.LYFTTest@d1a10ac]" started-at="2025-04-16T11:29:17 IST" name="testGetDetails" finished-at="2025-04-16T11:29:20 IST" duration-ms="2638" status="PASS">
          <reporter-output>
          </reporter-output>
        </test-method> <!-- testGetDetails -->
        <test-method is-config="true" signature="tearDown()[pri:0, instance:RestAPITest.LYFTTest@d1a10ac]" started-at="2025-04-16T11:29:20 IST" name="tearDown" finished-at="2025-04-16T11:29:20 IST" duration-ms="18" status="PASS">
          <reporter-output>
          </reporter-output>
        </test-method> <!-- tearDown -->
      </class> <!-- RestAPITest.LYFTTest -->
      <class name="RestAPITest.IVRTest">
        <test-method is-config="true" signature="setup()[pri:0, instance:RestAPITest.IVRTest@7068f7ca]" started-at="2025-04-16T11:28:26 IST" name="setup" finished-at="2025-04-16T11:28:36 IST" duration-ms="10094" status="PASS">
          <reporter-output>
          </reporter-output>
        </test-method> <!-- setup -->
        <test-method signature="testGetActiveRide()[pri:0, instance:RestAPITest.IVRTest@7068f7ca]" started-at="2025-04-16T11:28:36 IST" name="testGetActiveRide" finished-at="2025-04-16T11:28:53 IST" duration-ms="17339" status="PASS">
          <reporter-output>
          </reporter-output>
        </test-method> <!-- testGetActiveRide -->
        <test-method signature="testGetNextLeg()[pri:0, instance:RestAPITest.IVRTest@7068f7ca]" started-at="2025-04-16T11:28:53 IST" name="testGetNextLeg" finished-at="2025-04-16T11:29:12 IST" duration-ms="19114" status="PASS">
          <reporter-output>
          </reporter-output>
        </test-method> <!-- testGetNextLeg -->
        <test-method signature="testGetRequestRide()[pri:0, instance:RestAPITest.IVRTest@7068f7ca]" started-at="2025-04-16T11:29:12 IST" name="testGetRequestRide" finished-at="2025-04-16T11:29:17 IST" duration-ms="4385" status="PASS">
          <reporter-output>
          </reporter-output>
        </test-method> <!-- testGetRequestRide -->
        <test-method is-config="true" signature="tearDown()[pri:0, instance:RestAPITest.IVRTest@7068f7ca]" started-at="2025-04-16T11:29:17 IST" name="tearDown" finished-at="2025-04-16T11:29:17 IST" duration-ms="22" status="PASS">
          <reporter-output>
          </reporter-output>
        </test-method> <!-- tearDown -->
      </class> <!-- RestAPITest.IVRTest -->
      <class name="RestAPITest.BreauthoringTest">
        <test-method is-config="true" signature="setup()[pri:0, instance:RestAPITest.BreauthoringTest@6fca2a8f]" started-at="2025-04-16T11:29:20 IST" name="setup" finished-at="2025-04-16T11:29:21 IST" duration-ms="741" status="PASS">
          <reporter-output>
          </reporter-output>
        </test-method> <!-- setup -->
        <test-method signature="testDenialDetails()[pri:0, instance:RestAPITest.BreauthoringTest@6fca2a8f]" started-at="2025-04-16T11:29:21 IST" name="testDenialDetails" finished-at="2025-04-16T11:29:29 IST" duration-ms="8258" status="PASS">
          <reporter-output>
          </reporter-output>
        </test-method> <!-- testDenialDetails -->
        <test-method signature="testGetCancelreason()[pri:0, instance:RestAPITest.BreauthoringTest@6fca2a8f]" started-at="2025-04-16T11:29:29 IST" name="testGetCancelreason" finished-at="2025-04-16T11:29:32 IST" duration-ms="3363" status="PASS">
          <reporter-output>
          </reporter-output>
        </test-method> <!-- testGetCancelreason -->
        <test-method signature="testTransactionDetails()[pri:0, instance:RestAPITest.BreauthoringTest@6fca2a8f]" started-at="2025-04-16T11:29:32 IST" name="testTransactionDetails" finished-at="2025-04-16T11:29:35 IST" duration-ms="2707" status="PASS">
          <reporter-output>
          </reporter-output>
        </test-method> <!-- testTransactionDetails -->
        <test-method is-config="true" signature="tearDown()[pri:0, instance:RestAPITest.BreauthoringTest@6fca2a8f]" started-at="2025-04-16T11:29:35 IST" name="tearDown" finished-at="2025-04-16T11:29:35 IST" duration-ms="43" status="PASS">
          <reporter-output>
          </reporter-output>
        </test-method> <!-- tearDown -->
      </class> <!-- RestAPITest.BreauthoringTest -->
    </test> <!-- Test -->
  </suite> <!-- Regression suite -->
</testng-results>
