<?xml version="1.0" encoding="UTF-8"?>
<testng-results ignored="0" total="7" passed="7" failed="0" skipped="0">
  <reporter-output>
  </reporter-output>
  <suite started-at="2025-04-15T14:17:30 IST" name="Regression suite" finished-at="2025-04-15T14:18:02 IST" duration-ms="32219">
    <groups>
    </groups>
    <test started-at="2025-04-15T14:17:30 IST" name="Test" finished-at="2025-04-15T14:18:02 IST" duration-ms="32219">
      <class name="RestAPITest.LYFTTest">
        <test-method is-config="true" signature="setup()[pri:0, instance:RestAPITest.LYFTTest@2bf94401]" started-at="2025-04-15T14:17:53 IST" name="setup" finished-at="2025-04-15T14:17:54 IST" duration-ms="794" status="PASS">
          <reporter-output>
          </reporter-output>
        </test-method> <!-- setup -->
        <test-method signature="testGetDetails()[pri:0, instance:RestAPITest.LYFTTest@2bf94401]" started-at="2025-04-15T14:17:54 IST" name="testGetDetails" finished-at="2025-04-15T14:17:55 IST" duration-ms="1157" status="PASS">
          <reporter-output>
          </reporter-output>
        </test-method> <!-- testGetDetails -->
        <test-method is-config="true" signature="tearDown()[pri:0, instance:RestAPITest.LYFTTest@2bf94401]" started-at="2025-04-15T14:17:55 IST" name="tearDown" finished-at="2025-04-15T14:17:55 IST" duration-ms="21" status="PASS">
          <reporter-output>
          </reporter-output>
        </test-method> <!-- tearDown -->
      </class> <!-- RestAPITest.LYFTTest -->
      <class name="RestAPITest.IVRTest">
        <test-method is-config="true" signature="setup()[pri:0, instance:RestAPITest.IVRTest@ae372b9]" started-at="2025-04-15T14:17:31 IST" name="setup" finished-at="2025-04-15T14:17:40 IST" duration-ms="9532" status="PASS">
          <reporter-output>
          </reporter-output>
        </test-method> <!-- setup -->
        <test-method signature="testGetActiveRide()[pri:0, instance:RestAPITest.IVRTest@ae372b9]" started-at="2025-04-15T14:17:40 IST" name="testGetActiveRide" finished-at="2025-04-15T14:17:42 IST" duration-ms="1663" status="PASS">
          <reporter-output>
          </reporter-output>
        </test-method> <!-- testGetActiveRide -->
        <test-method signature="testGetNextLeg()[pri:0, instance:RestAPITest.IVRTest@ae372b9]" started-at="2025-04-15T14:17:42 IST" name="testGetNextLeg" finished-at="2025-04-15T14:17:52 IST" duration-ms="10046" status="PASS">
          <reporter-output>
          </reporter-output>
        </test-method> <!-- testGetNextLeg -->
        <test-method signature="testGetRequestRide()[pri:0, instance:RestAPITest.IVRTest@ae372b9]" started-at="2025-04-15T14:17:52 IST" name="testGetRequestRide" finished-at="2025-04-15T14:17:53 IST" duration-ms="1131" status="PASS">
          <reporter-output>
          </reporter-output>
        </test-method> <!-- testGetRequestRide -->
        <test-method is-config="true" signature="tearDown()[pri:0, instance:RestAPITest.IVRTest@ae372b9]" started-at="2025-04-15T14:17:53 IST" name="tearDown" finished-at="2025-04-15T14:17:53 IST" duration-ms="21" status="PASS">
          <reporter-output>
          </reporter-output>
        </test-method> <!-- tearDown -->
      </class> <!-- RestAPITest.IVRTest -->
      <class name="RestAPITest.BreauthoringTest">
        <test-method is-config="true" signature="setup()[pri:0, instance:RestAPITest.BreauthoringTest@2532b351]" started-at="2025-04-15T14:17:55 IST" name="setup" finished-at="2025-04-15T14:17:56 IST" duration-ms="709" status="PASS">
          <reporter-output>
          </reporter-output>
        </test-method> <!-- setup -->
        <test-method signature="testDenialDetails()[pri:0, instance:RestAPITest.BreauthoringTest@2532b351]" started-at="2025-04-15T14:17:56 IST" name="testDenialDetails" finished-at="2025-04-15T14:17:58 IST" duration-ms="2265" status="PASS">
          <reporter-output>
          </reporter-output>
        </test-method> <!-- testDenialDetails -->
        <test-method signature="testGetCancelreason()[pri:0, instance:RestAPITest.BreauthoringTest@2532b351]" started-at="2025-04-15T14:17:58 IST" name="testGetCancelreason" finished-at="2025-04-15T14:18:00 IST" duration-ms="2222" status="PASS">
          <reporter-output>
          </reporter-output>
        </test-method> <!-- testGetCancelreason -->
        <test-method signature="testTransactionDetails()[pri:0, instance:RestAPITest.BreauthoringTest@2532b351]" started-at="2025-04-15T14:18:00 IST" name="testTransactionDetails" finished-at="2025-04-15T14:18:02 IST" duration-ms="2232" status="PASS">
          <reporter-output>
          </reporter-output>
        </test-method> <!-- testTransactionDetails -->
        <test-method is-config="true" signature="tearDown()[pri:0, instance:RestAPITest.BreauthoringTest@2532b351]" started-at="2025-04-15T14:18:02 IST" name="tearDown" finished-at="2025-04-15T14:18:02 IST" duration-ms="19" status="PASS">
          <reporter-output>
          </reporter-output>
        </test-method> <!-- tearDown -->
      </class> <!-- RestAPITest.BreauthoringTest -->
    </test> <!-- Test -->
  </suite> <!-- Regression suite -->
</testng-results>
